<?xml version="1.0" encoding="UTF-8"?>
<!-- Generated by org.testng.reporters.JUnitXMLReporter -->
<testsuite ignored="0" hostname="DESKTOP-6OIHPMP" failures="0" tests="4" name="Surefire test" time="3.99" errors="0" timestamp="06 Feb 2024 13:49:23 GMT">
  <testcase classname="com.tmb.test.BaseTest" name="@BeforeMethod setUp" time="3.941">
    <failure type="java.lang.Exception" message="Property name URL is not found. Please check config.properties">
      <![CDATA[java.lang.Exception: Property name URL is not found. Please check config.properties
at com.tmb.utils.ReadPropertyFile.getValue(ReadPropertyFile.java:45)
at com.tmb.driver.Driver.initDriver(Driver.java:24)
at com.tmb.test.BaseTest.setUp(BaseTest.java:24)
... Removed 33 stack frames]]>
    </failure>
  </testcase> <!-- @BeforeMethod setUp -->
  <testcase classname="com.tmb.test.BaseTest" name="@AfterMethod tearDown" time="0.0">
    <skipped/>
  </testcase> <!-- @AfterMethod tearDown -->
  <testcase classname="com.tmb.test.BaseTest" name="@BeforeMethod setUp" time="0.0">
    <skipped/>
  </testcase> <!-- @BeforeMethod setUp -->
  <testcase classname="com.tmb.test.BaseTest" name="@AfterMethod tearDown" time="0.0">
    <skipped/>
  </testcase> <!-- @AfterMethod tearDown -->
  <testcase classname="com.tmb.test.BaseTest" name="@BeforeMethod setUp" time="0.0">
    <skipped/>
  </testcase> <!-- @BeforeMethod setUp -->
  <testcase classname="com.tmb.test.BaseTest" name="@AfterMethod tearDown" time="0.0">
    <skipped/>
  </testcase> <!-- @AfterMethod tearDown -->
  <testcase classname="com.tmb.test.BaseTest" name="@BeforeMethod setUp" time="0.0">
    <skipped/>
  </testcase> <!-- @BeforeMethod setUp -->
  <testcase classname="com.tmb.test.BaseTest" name="@AfterMethod tearDown" time="0.0">
    <skipped/>
  </testcase> <!-- @AfterMethod tearDown -->
  <testcase classname="com.tmb.test.HomePageTest" name="test3" time="0.0">
    <skipped/>
  </testcase> <!-- test3 -->
  <testcase classname="com.tmb.test.LoginPageTest" name="loginLogoutTest" time="0.0">
    <skipped/>
  </testcase> <!-- loginLogoutTest -->
  <testcase classname="com.tmb.test.LoginPageTest" name="test2" time="0.0">
    <skipped/>
  </testcase> <!-- test2 -->
  <testcase classname="com.tmb.test.OrangeHRMTest" name="loginLogoutTest" time="0.0">
    <skipped/>
  </testcase> <!-- loginLogoutTest -->
</testsuite> <!-- Surefire test -->
